<?xml version="1.0" encoding="UTF-8"?>
<!-- Generated by org.testng.reporters.JUnitXMLReporter -->
<testsuite ignored="0" hostname="LAPTOP-SB3IPN86" failures="0" tests="3" name="Default test" time="41.306" errors="0" timestamp="2023-09-02T16:50:11 IST">
  <testcase classname="testNG.DataProvide" name="test" time="13.935"/>
  <testcase classname="testNG.DataProvide" name="test" time="13.048"/>
  <testcase classname="testNG.DataProvide" name="test" time="14.275"/>
</testsuite> <!-- Default test -->
