<?xml version="1.0" encoding="UTF-8"?>
<testng-results ignored="0" total="3" passed="3" failed="0" skipped="0">
  <reporter-output>
  </reporter-output>
  <suite started-at="2023-09-02T16:49:30 IST" name="Default suite" finished-at="2023-09-02T16:50:11 IST" duration-ms="41306">
    <groups>
    </groups>
    <test started-at="2023-09-02T16:49:30 IST" name="Default test" finished-at="2023-09-02T16:50:11 IST" duration-ms="41306">
      <class name="testNG.DataProvide">
        <test-method signature="test(java.lang.String,java.lang.String)[pri:0, instance:testNG.DataProvide@7880cdf3]" started-at="2023-09-02T16:49:30 IST" name="test" data-provider="getData" finished-at="2023-09-02T16:49:44 IST" duration-ms="13935" status="PASS">
          <params>
            <param index="0">
              <value>
                <![CDATA[35338812]]>
              </value>
            </param>
            <param index="1">
              <value>
                <![CDATA[234474489]]>
              </value>
            </param>
          </params>
          <reporter-output>
          </reporter-output>
        </test-method> <!-- test -->
        <test-method signature="test(java.lang.String,java.lang.String)[pri:0, instance:testNG.DataProvide@7880cdf3]" started-at="2023-09-02T16:49:44 IST" name="test" data-provider="getData" finished-at="2023-09-02T16:49:57 IST" duration-ms="13048" status="PASS">
          <params>
            <param index="0">
              <value>
                <![CDATA[admin]]>
              </value>
            </param>
            <param index="1">
              <value>
                <![CDATA[manager]]>
              </value>
            </param>
          </params>
          <reporter-output>
          </reporter-output>
        </test-method> <!-- test -->
        <test-method signature="test(java.lang.String,java.lang.String)[pri:0, instance:testNG.DataProvide@7880cdf3]" started-at="2023-09-02T16:49:57 IST" name="test" data-provider="getData" finished-at="2023-09-02T16:50:11 IST" duration-ms="14275" status="PASS">
          <params>
            <param index="0">
              <value>
                <![CDATA[dydgy38%*<]]>
              </value>
            </param>
            <param index="1">
              <value>
                <![CDATA[djhu857*^_]]>
              </value>
            </param>
          </params>
          <reporter-output>
          </reporter-output>
        </test-method> <!-- test -->
      </class> <!-- testNG.DataProvide -->
    </test> <!-- Default test -->
  </suite> <!-- Default suite -->
</testng-results>
