<?xml version="1.0" encoding="UTF-8"?>
<!-- Generated by org.testng.reporters.JUnitReportReporter -->
<testsuite hostname="LAPTOP-SB3IPN86" failures="0" tests="3" name="testNG.ParallelExecution" time="44.215" errors="0" timestamp="2023-08-29T14:34:44 IST" skipped="0">
  <testcase classname="testNG.ParallelExecution" name="demo" time="15.765"/>
  <system-out>
    <![CDATA[Facebook – log in or sign up
https://www.facebook.com/]]>
  </system-out>
  <testcase classname="testNG.ParallelExecution" name="demo" time="15.549"/>
  <system-out>
    <![CDATA[Log in to Facebook
https://www.facebook.com/login/?privacy_mutation_token=eyJ0eXBlIjowLCJjcmVhdGlvbl90aW1lIjoxNjkzMjk5ODc5LCJjYWxsc2l0ZV9pZCI6MzgxMjI5MDc5NTc1OTQ2fQ%3D%3D]]>
  </system-out>
  <testcase classname="testNG.ParallelExecution" name="demo" time="12.901"/>
  <system-out>
    <![CDATA[Log in to Facebook
https://www.facebook.com/login/?privacy_mutation_token=eyJ0eXBlIjowLCJjcmVhdGlvbl90aW1lIjoxNjkzMjk5ODc5LCJjYWxsc2l0ZV9pZCI6MzgxMjI5MDc5NTc1OTQ2fQ%3D%3D]]>
  </system-out>
</testsuite> <!-- testNG.ParallelExecution -->
